<?xml version="1.0" encoding="UTF-8"?>
<!-- Generated by org.testng.reporters.JUnitReportReporter -->
<testsuite hostname="L-5WR7152" name="demoTest.TestPage" tests="6" failures="0" timestamp="22 Feb 2017 15:05:20 GMT" time="88.088" errors="0">
  <testcase name="testUsingDataProvider" time="13.350" classname="demoTest.TestPage"/>
  <testcase name="testLogin" time="17.640" classname="demoTest.TestPage"/>
  <testcase name="testUsingDataProvider" time="13.797" classname="demoTest.TestPage"/>
  <testcase name="testUsingDataProvider" time="14.271" classname="demoTest.TestPage"/>
  <testcase name="testUsingDataProvider" time="14.458" classname="demoTest.TestPage"/>
  <testcase name="testUsingDataProvider" time="14.572" classname="demoTest.TestPage"/>
</testsuite> <!-- demoTest.TestPage -->
