<?xml version="1.0" encoding="UTF-8"?>
<!-- Generated by org.testng.reporters.JUnitReportReporter -->
<testsuite name="demoTest.TestPage" tests="6" time="77.528" ignored="2" failures="0" timestamp="22 Feb 2017 15:47:55 GMT" skipped="0" hostname="L-5WR7152" errors="0">
  <testcase name="testUsingDataProvider" time="13.382" classname="demoTest.TestPage"/>
  <testcase name="testUsingDataProvider" time="12.176" classname="demoTest.TestPage"/>
  <testcase name="testLogin" time="13.324" classname="demoTest.TestPage"/>
  <testcase name="testUsingDataProvider" time="12.511" classname="demoTest.TestPage"/>
  <testcase name="testUsingDataProvider" time="12.682" classname="demoTest.TestPage"/>
  <testcase name="testUsingDataProvider" time="13.453" classname="demoTest.TestPage"/>
  <testcase name="testUsingDataProviderExcel" classname="demoTest.TestPage">
    <skipped/>
  </testcase> <!-- testUsingDataProviderExcel -->
  <testcase name="testCal" classname="demoTest.TestPage">
    <skipped/>
  </testcase> <!-- testCal -->
</testsuite> <!-- demoTest.TestPage -->
